<?xml version="1.0" encoding="UTF-8"?>
<testsuite xmlns:xsi="http://www.w3.org/2001/XMLSchema-instance" xsi:noNamespaceSchemaLocation="https://maven.apache.org/surefire/maven-surefire-plugin/xsd/surefire-test-report-3.0.xsd" version="3.0" name="adt.linkedList.StudentDoubleLinkedListTest" time="0.114" tests="9" errors="0" skipped="0" failures="0">
  <properties>
    <property name="java.specification.version" value="21"/>
    <property name="sun.cpu.isalist" value="amd64"/>
    <property name="sun.jnu.encoding" value="Cp1252"/>
    <property name="java.class.path" value="C:\Users\Familia02\Documents\LEDA\LEDA\R08-01-Rot-Linked-list-environment\target\test-classes;C:\Users\Familia02\Documents\LEDA\LEDA\R08-01-Rot-Linked-list-environment\target\classes;C:\Users\Familia02\.m2\repository\junit\junit\4.13.1\junit-4.13.1.jar;C:\Users\Familia02\.m2\repository\org\hamcrest\hamcrest-core\1.3\hamcrest-core-1.3.jar;"/>
    <property name="java.vm.vendor" value="Eclipse Adoptium"/>
    <property name="sun.arch.data.model" value="64"/>
    <property name="user.variant" value=""/>
    <property name="java.vendor.url" value="https://adoptium.net/"/>
    <property name="user.timezone" value="GMT-03:00"/>
    <property name="os.name" value="Windows 10"/>
    <property name="java.vm.specification.version" value="21"/>
    <property name="sun.java.launcher" value="SUN_STANDARD"/>
    <property name="user.country" value="BR"/>
    <property name="sun.boot.library.path" value="C:\Program Files\Eclipse Adoptium\jdk-21.0.5.11-hotspot\bin"/>
    <property name="sun.java.command" value="C:\Users\Familia02\AppData\Local\Temp\surefire5218444995263887955\surefirebooter-20250307180034203_3.jar C:\Users\Familia02\AppData\Local\Temp\surefire5218444995263887955 2025-03-07T18-00-33_776-jvmRun1 surefire-20250307180034203_1tmp surefire_0-20250307180034203_2tmp"/>
    <property name="jdk.debug" value="release"/>
    <property name="surefire.test.class.path" value="C:\Users\Familia02\Documents\LEDA\LEDA\R08-01-Rot-Linked-list-environment\target\test-classes;C:\Users\Familia02\Documents\LEDA\LEDA\R08-01-Rot-Linked-list-environment\target\classes;C:\Users\Familia02\.m2\repository\junit\junit\4.13.1\junit-4.13.1.jar;C:\Users\Familia02\.m2\repository\org\hamcrest\hamcrest-core\1.3\hamcrest-core-1.3.jar;"/>
    <property name="sun.cpu.endian" value="little"/>
    <property name="user.home" value="C:\Users\Familia02"/>
    <property name="user.language" value="pt"/>
    <property name="java.specification.vendor" value="Oracle Corporation"/>
    <property name="java.version.date" value="2024-10-15"/>
    <property name="java.home" value="C:\Program Files\Eclipse Adoptium\jdk-21.0.5.11-hotspot"/>
    <property name="file.separator" value="\"/>
    <property name="basedir" value="C:\Users\Familia02\Documents\LEDA\LEDA\R08-01-Rot-Linked-list-environment"/>
    <property name="java.vm.compressedOopsMode" value="32-bit"/>
    <property name="line.separator" value="&#10;"/>
    <property name="java.vm.specification.vendor" value="Oracle Corporation"/>
    <property name="java.specification.name" value="Java Platform API Specification"/>
    <property name="surefire.real.class.path" value="C:\Users\Familia02\AppData\Local\Temp\surefire5218444995263887955\surefirebooter-20250307180034203_3.jar"/>
    <property name="user.script" value=""/>
    <property name="sun.management.compiler" value="HotSpot 64-Bit Tiered Compilers"/>
    <property name="java.runtime.version" value="21.0.5+11-LTS"/>
    <property name="user.name" value="Familia02"/>
    <property name="stdout.encoding" value="Cp1252"/>
    <property name="path.separator" value=";"/>
    <property name="os.version" value="10.0"/>
    <property name="java.runtime.name" value="OpenJDK Runtime Environment"/>
    <property name="file.encoding" value="UTF-8"/>
    <property name="java.vm.name" value="OpenJDK 64-Bit Server VM"/>
    <property name="java.vendor.version" value="Temurin-21.0.5+11"/>
    <property name="localRepository" value="C:\Users\Familia02\.m2\repository"/>
    <property name="java.vendor.url.bug" value="https://github.com/adoptium/adoptium-support/issues"/>
    <property name="java.io.tmpdir" value="C:\Users\FAMILI~1\AppData\Local\Temp\"/>
    <property name="java.version" value="21.0.5"/>
    <property name="user.dir" value="C:\Users\Familia02\Documents\LEDA\LEDA\R08-01-Rot-Linked-list-environment"/>
    <property name="os.arch" value="amd64"/>
    <property name="SkipTests" value="true"/>
    <property name="java.vm.specification.name" value="Java Virtual Machine Specification"/>
    <property name="sun.os.patch.level" value=""/>
    <property name="native.encoding" value="Cp1252"/>
    <property name="java.library.path" value="C:\Program Files\Eclipse Adoptium\jdk-21.0.5.11-hotspot\bin;C:\WINDOWS\Sun\Java\bin;C:\WINDOWS\system32;C:\WINDOWS;C:\Program Files\Eclipse Adoptium\jdk-21.0.5.11-hotspot\bin;C:\ProgramData\Oracle\Java\javapath;C:\Program Files (x86)\Common Files\Oracle\Java\javapath;C:\WINDOWS\system32;C:\WINDOWS;C:\WINDOWS\System32\Wbem;C:\WINDOWS\System32\WindowsPowerShell\v1.0\;C:\Program Files (x86)\ATI Technologies\ATI.ACE\Core-Static;C:\WINDOWS\System32\OpenSSH\;C:\Program Files\dotnet\;C:\Program Files\Git\cmd;C:\Users\Familia02\AppData\Local\Programs\Python\Python312\Scripts\;C:\Users\Familia02\AppData\Local\Programs\Python\Python312\;C:\Users\Familia02\AppData\Local\Microsoft\WindowsApps;C:\Users\Familia02\.dotnet\tools;C:\Users\Familia02\AppData\Local\Programs\Microsoft VS Code\bin;C:\Users\Familia02\Documents\maven\apache-maven-3.9.9\bin;C:\Program Files\Git\bin;;."/>
    <property name="java.vm.info" value="mixed mode, sharing"/>
    <property name="stderr.encoding" value="Cp1252"/>
    <property name="java.vendor" value="Eclipse Adoptium"/>
    <property name="java.vm.version" value="21.0.5+11-LTS"/>
    <property name="sun.io.unicode.encoding" value="UnicodeLittle"/>
    <property name="java.class.version" value="65.0"/>
  </properties>
  <testcase name="testRemoveFirst" classname="adt.linkedList.StudentDoubleLinkedListTest" time="0.013"/>
  <testcase name="testInsertFirst" classname="adt.linkedList.StudentDoubleLinkedListTest" time="0.0"/>
  <testcase name="testRemoveLast" classname="adt.linkedList.StudentDoubleLinkedListTest" time="0.0"/>
  <testcase name="testToArray" classname="adt.linkedList.StudentDoubleLinkedListTest" time="0.0"/>
  <testcase name="testSize" classname="adt.linkedList.StudentDoubleLinkedListTest" time="0.0"/>
  <testcase name="testInsert" classname="adt.linkedList.StudentDoubleLinkedListTest" time="0.0"/>
  <testcase name="testIsEmpty" classname="adt.linkedList.StudentDoubleLinkedListTest" time="0.0"/>
  <testcase name="testRemove" classname="adt.linkedList.StudentDoubleLinkedListTest" time="0.0"/>
  <testcase name="testSearch" classname="adt.linkedList.StudentDoubleLinkedListTest" time="0.0"/>
</testsuite>